<?xml version="1.0" encoding="UTF-8"?>
<testng-results ignored="0" total="2" passed="2" failed="0" skipped="0">
  <reporter-output>
  </reporter-output>
  <suite started-at="2024-07-30T08:48:46 IST" name="Default suite" finished-at="2024-07-30T08:48:55 IST" duration-ms="9341">
    <groups>
    </groups>
    <test started-at="2024-07-30T08:48:46 IST" name="Default test" finished-at="2024-07-30T08:48:55 IST" duration-ms="9341">
      <class name="tests.E2E">
        <test-method signature="shopperLogin()[pri:1, instance:tests.E2E@73e9cf30]" started-at="2024-07-30T08:48:46 IST" name="shopperLogin" finished-at="2024-07-30T08:48:52 IST" duration-ms="5806" status="PASS">
          <reporter-output>
          </reporter-output>
        </test-method> <!-- shopperLogin -->
        <test-method signature="viewProducts()[pri:2, instance:tests.E2E@73e9cf30]" started-at="2024-07-30T08:48:52 IST" name="viewProducts" finished-at="2024-07-30T08:48:55 IST" duration-ms="3416" status="PASS">
          <reporter-output>
          </reporter-output>
        </test-method> <!-- viewProducts -->
      </class> <!-- tests.E2E -->
    </test> <!-- Default test -->
  </suite> <!-- Default suite -->
</testng-results>
