<?xml version="1.0" encoding="UTF-8"?>
<testng-results ignored="0" total="1" passed="1" failed="0" skipped="0">
  <reporter-output>
  </reporter-output>
  <suite started-at="2024-08-07T12:18:26 IST" name="Default suite" finished-at="2024-08-07T12:18:33 IST" duration-ms="6506">
    <groups>
    </groups>
    <test started-at="2024-08-07T12:18:26 IST" name="Default test" finished-at="2024-08-07T12:18:33 IST" duration-ms="6506">
      <class name="petStore.Pets">
        <test-method signature="createPet()[pri:1, instance:petStore.Pets@1caa0244]" started-at="2024-08-07T12:18:26 IST" name="createPet" finished-at="2024-08-07T12:18:33 IST" duration-ms="6383" status="PASS">
          <reporter-output>
          </reporter-output>
        </test-method> <!-- createPet -->
      </class> <!-- petStore.Pets -->
    </test> <!-- Default test -->
  </suite> <!-- Default suite -->
</testng-results>
