<?xml version="1.0" encoding="UTF-8"?>
<testng-results ignored="0" total="1" passed="1" failed="0" skipped="0">
  <reporter-output>
  </reporter-output>
  <suite started-at="2025-06-15T01:23:03 IST" name="Default suite" finished-at="2025-06-15T01:23:08 IST" duration-ms="4993">
    <groups>
    </groups>
    <test started-at="2025-06-15T01:23:03 IST" name="Default test" finished-at="2025-06-15T01:23:08 IST" duration-ms="4993">
      <class name="CsvRead">
        <test-method signature="readCsv()[pri:0, instance:CsvRead@3e8c3cb]" started-at="2025-06-15T01:23:03 IST" name="readCsv" finished-at="2025-06-15T01:23:08 IST" duration-ms="4950" status="PASS">
          <reporter-output>
          </reporter-output>
        </test-method> <!-- readCsv -->
      </class> <!-- CsvRead -->
    </test> <!-- Default test -->
  </suite> <!-- Default suite -->
</testng-results>
